  main.cpp
d:\mycodes\vs2015\a_star_complete\a_star_complete\HeuristicTables.h(142): warning C4244: “=”: 从“short”转换到“unsigned char”，可能丢失数据
d:\mycodes\vs2015\a_star_complete\a_star_complete\NPuzzle.h(98): warning C4018: “<”: 有符号/无符号不匹配
d:\mycodes\vs2015\a_star_complete\a_star_complete\NPuzzle.h(239): warning C4800: “int”: 将值强制为布尔值“true”或“false”(性能警告)
d:\mycodes\vs2015\a_star_complete\a_star_complete\NPuzzle.h(275): warning C4800: “int”: 将值强制为布尔值“true”或“false”(性能警告)
d:\mycodes\vs2015\a_star_complete\a_star_complete\NPuzzle.h(347): warning C4800: “int”: 将值强制为布尔值“true”或“false”(性能警告)
main.cpp(21): warning C4018: “<”: 有符号/无符号不匹配
  main.cpp(216): note: 参见对正在编译的函数 模板 实例化“T *fromBaseSamples<BestPuzzle,BasePuzzle>(Y *,int)”的引用
          with
          [
              T=BestPuzzle,
              Y=BasePuzzle
          ]
main.cpp(168): warning C4267: “=”: 从“size_t”转换到“short”，可能丢失数据
  main.cpp(185): note: 参见对正在编译的函数 模板 实例化“void Search<T>(int,T *,ExpInfo *,std::function<std::queue<BestPuzzle,std::deque<_Ty,std::allocator<_Ty>>> (BestPuzzle &,BestPuzzle &,unsigned __int64 &)>)”的引用
          with
          [
              T=BestPuzzle,
              _Ty=BestPuzzle
          ]
  main.cpp(217): note: 参见对正在编译的函数 模板 实例化“void Experiment<BestPuzzle>(T *,ExpInfo *,std::function<std::queue<BestPuzzle,std::deque<_Ty,std::allocator<_Ty>>> (BestPuzzle &,BestPuzzle &,unsigned __int64 &)>)”的引用
          with
          [
              T=BestPuzzle,
              _Ty=BestPuzzle
          ]
  正在生成代码
  1326 of 1608 functions (82.5%) were compiled, the rest were copied from previous compilation.
    1120 functions were new in current compilation
    42 functions had inline decision re-evaluated but remain unchanged
  已完成代码的生成
  A_star_complete.vcxproj -> D:\MyCodes\VS2015\A_star_complete\Release\A_star_complete.exe
  A_star_complete.vcxproj -> D:\MyCodes\VS2015\A_star_complete\Release\A_star_complete.pdb (Full PDB)
